<?xml version="1.0" ?>
<testsuite name="FlaskAppTests-20231214144600" tests="1" time="0.015" failures="0" errors="0">
	<testcase classname="FlaskAppTests" name="test_get_hello_endpoint" time="0.015"/>
	<system-out><![CDATA[]]></system-out>
	<system-err><![CDATA[]]></system-err>
</testsuite>
